2021-11-02 22:29:38 0 [Note] InnoDB: Mutexes and rw_locks use Windows interlocked functions
2021-11-02 22:29:38 0 [Note] InnoDB: Uses event mutexes
2021-11-02 22:29:38 0 [Note] InnoDB: Compressed tables use zlib 1.2.11
2021-11-02 22:29:38 0 [Note] InnoDB: Number of pools: 1
2021-11-02 22:29:38 0 [Note] InnoDB: Using SSE2 crc32 instructions
2021-11-02 22:29:38 0 [Note] InnoDB: Initializing buffer pool, total size = 16M, instances = 1, chunk size = 16M
2021-11-02 22:29:38 0 [Note] InnoDB: Completed initialization of buffer pool
2021-11-02 22:29:38 0 [Note] InnoDB: Starting crash recovery from checkpoint LSN=300288
2021-11-02 22:29:38 0 [Note] InnoDB: 128 out of 128 rollback segments are active.
2021-11-02 22:29:38 0 [Note] InnoDB: Removed temporary tablespace data file: "ibtmp1"
2021-11-02 22:29:38 0 [Note] InnoDB: Creating shared tablespace for temporary tables
2021-11-02 22:29:38 0 [Note] InnoDB: Setting file 'C:\xampp\mysql\data\ibtmp1' size to 12 MB. Physically writing the file full; Please wait ...
2021-11-02 22:29:38 0 [Note] InnoDB: File 'C:\xampp\mysql\data\ibtmp1' size is now 12 MB.
2021-11-02 22:29:38 0 [Note] InnoDB: Waiting for purge to start
2021-11-02 22:29:39 0 [Note] InnoDB: 10.4.21 started; log sequence number 300297; transaction id 170
2021-11-02 22:29:39 0 [Note] InnoDB: Loading buffer pool(s) from C:\xampp\mysql\data\ib_buffer_pool
2021-11-02 22:29:39 0 [Note] Plugin 'FEEDBACK' is disabled.
2021-11-02 22:29:39 0 [Note] Server socket created on IP: '::'.
2021-11-04 23:43:01 0 [Note] InnoDB: Mutexes and rw_locks use Windows interlocked functions
2021-11-04 23:43:01 0 [Note] InnoDB: Uses event mutexes
2021-11-04 23:43:01 0 [Note] InnoDB: Compressed tables use zlib 1.2.11
2021-11-04 23:43:01 0 [Note] InnoDB: Number of pools: 1
2021-11-04 23:43:01 0 [Note] InnoDB: Using SSE2 crc32 instructions
2021-11-04 23:43:01 0 [Note] InnoDB: Initializing buffer pool, total size = 16M, instances = 1, chunk size = 16M
2021-11-04 23:43:01 0 [Note] InnoDB: Completed initialization of buffer pool
2021-11-04 23:43:01 0 [Note] InnoDB: Starting crash recovery from checkpoint LSN=300306
2021-11-04 23:43:01 0 [Note] InnoDB: 128 out of 128 rollback segments are active.
2021-11-04 23:43:01 0 [Note] InnoDB: Removed temporary tablespace data file: "ibtmp1"
2021-11-04 23:43:01 0 [Note] InnoDB: Creating shared tablespace for temporary tables
2021-11-04 23:43:01 0 [Note] InnoDB: Setting file 'C:\xampp\mysql\data\ibtmp1' size to 12 MB. Physically writing the file full; Please wait ...
2021-11-04 23:43:01 0 [Note] InnoDB: File 'C:\xampp\mysql\data\ibtmp1' size is now 12 MB.
2021-11-04 23:43:01 0 [Note] InnoDB: Waiting for purge to start
2021-11-04 23:43:02 0 [Note] InnoDB: 10.4.21 started; log sequence number 300315; transaction id 170
2021-11-04 23:43:02 0 [Note] InnoDB: Loading buffer pool(s) from C:\xampp\mysql\data\ib_buffer_pool
2021-11-04 23:43:02 0 [Note] Plugin 'FEEDBACK' is disabled.
2021-11-04 23:43:02 0 [Note] InnoDB: Buffer pool(s) load completed at 211104 23:43:02
2021-11-04 23:43:02 0 [Note] Server socket created on IP: '::'.
2021-11-14 15:42:19 0 [Note] InnoDB: Mutexes and rw_locks use Windows interlocked functions
2021-11-14 15:42:19 0 [Note] InnoDB: Uses event mutexes
2021-11-14 15:42:19 0 [Note] InnoDB: Compressed tables use zlib 1.2.11
2021-11-14 15:42:19 0 [Note] InnoDB: Number of pools: 1
2021-11-14 15:42:19 0 [Note] InnoDB: Using SSE2 crc32 instructions
2021-11-14 15:42:19 0 [Note] InnoDB: Initializing buffer pool, total size = 16M, instances = 1, chunk size = 16M
2021-11-14 15:42:19 0 [Note] InnoDB: Completed initialization of buffer pool
2021-11-14 15:42:19 0 [Note] InnoDB: Starting crash recovery from checkpoint LSN=300324
2021-11-14 15:42:20 0 [Note] InnoDB: 128 out of 128 rollback segments are active.
2021-11-14 15:42:20 0 [Note] InnoDB: Removed temporary tablespace data file: "ibtmp1"
2021-11-14 15:42:20 0 [Note] InnoDB: Creating shared tablespace for temporary tables
2021-11-14 15:42:20 0 [Note] InnoDB: Setting file 'C:\xampp\mysql\data\ibtmp1' size to 12 MB. Physically writing the file full; Please wait ...
2021-11-14 15:42:20 0 [Note] InnoDB: File 'C:\xampp\mysql\data\ibtmp1' size is now 12 MB.
2021-11-14 15:42:20 0 [Note] InnoDB: Waiting for purge to start
2021-11-14 15:42:20 0 [Note] InnoDB: 10.4.21 started; log sequence number 300333; transaction id 170
2021-11-14 15:42:20 0 [Note] InnoDB: Loading buffer pool(s) from C:\xampp\mysql\data\ib_buffer_pool
2021-11-14 15:42:20 0 [Note] Plugin 'FEEDBACK' is disabled.
2021-11-14 15:42:20 0 [Note] InnoDB: Buffer pool(s) load completed at 211114 15:42:20
2021-11-14 15:42:20 0 [Note] Server socket created on IP: '::'.
2021-11-14 16:39:21 0 [Note] InnoDB: Mutexes and rw_locks use Windows interlocked functions
2021-11-14 16:39:21 0 [Note] InnoDB: Uses event mutexes
2021-11-14 16:39:21 0 [Note] InnoDB: Compressed tables use zlib 1.2.11
2021-11-14 16:39:21 0 [Note] InnoDB: Number of pools: 1
2021-11-14 16:39:21 0 [Note] InnoDB: Using SSE2 crc32 instructions
2021-11-14 16:39:21 0 [Note] InnoDB: Initializing buffer pool, total size = 16M, instances = 1, chunk size = 16M
2021-11-14 16:39:21 0 [Note] InnoDB: Completed initialization of buffer pool
2021-11-14 16:39:21 0 [Note] InnoDB: Starting crash recovery from checkpoint LSN=300342
2021-11-14 16:39:21 0 [Note] InnoDB: 128 out of 128 rollback segments are active.
2021-11-14 16:39:21 0 [Note] InnoDB: Removed temporary tablespace data file: "ibtmp1"
2021-11-14 16:39:21 0 [Note] InnoDB: Creating shared tablespace for temporary tables
2021-11-14 16:39:21 0 [Note] InnoDB: Setting file 'C:\xampp\mysql\data\ibtmp1' size to 12 MB. Physically writing the file full; Please wait ...
2021-11-14 16:39:21 0 [Note] InnoDB: File 'C:\xampp\mysql\data\ibtmp1' size is now 12 MB.
2021-11-14 16:39:21 0 [Note] InnoDB: Waiting for purge to start
2021-11-14 16:39:21 0 [Note] InnoDB: 10.4.21 started; log sequence number 300351; transaction id 170
2021-11-14 16:39:21 0 [Note] InnoDB: Loading buffer pool(s) from C:\xampp\mysql\data\ib_buffer_pool
2021-11-14 16:39:21 0 [Note] Plugin 'FEEDBACK' is disabled.
2021-11-14 16:39:21 0 [Note] Server socket created on IP: '::'.
2021-11-20  1:17:17 0 [Note] InnoDB: Mutexes and rw_locks use Windows interlocked functions
2021-11-20  1:17:17 0 [Note] InnoDB: Uses event mutexes
2021-11-20  1:17:17 0 [Note] InnoDB: Compressed tables use zlib 1.2.11
2021-11-20  1:17:17 0 [Note] InnoDB: Number of pools: 1
2021-11-20  1:17:17 0 [Note] InnoDB: Using SSE2 crc32 instructions
2021-11-20  1:17:17 0 [Note] InnoDB: Initializing buffer pool, total size = 16M, instances = 1, chunk size = 16M
2021-11-20  1:17:17 0 [Note] InnoDB: Completed initialization of buffer pool
2021-11-20  1:17:17 0 [Note] InnoDB: Starting crash recovery from checkpoint LSN=300360
2021-11-20  1:17:18 0 [Note] InnoDB: 128 out of 128 rollback segments are active.
2021-11-20  1:17:18 0 [Note] InnoDB: Removed temporary tablespace data file: "ibtmp1"
2021-11-20  1:17:18 0 [Note] InnoDB: Creating shared tablespace for temporary tables
2021-11-20  1:17:18 0 [Note] InnoDB: Setting file 'C:\xampp\mysql\data\ibtmp1' size to 12 MB. Physically writing the file full; Please wait ...
2021-11-20  1:17:18 0 [Note] InnoDB: File 'C:\xampp\mysql\data\ibtmp1' size is now 12 MB.
2021-11-20  1:17:18 0 [Note] InnoDB: Waiting for purge to start
2021-11-20  1:17:18 0 [Note] InnoDB: 10.4.21 started; log sequence number 300369; transaction id 170
2021-11-20  1:17:18 0 [Note] InnoDB: Loading buffer pool(s) from C:\xampp\mysql\data\ib_buffer_pool
2021-11-20  1:17:18 0 [Note] Plugin 'FEEDBACK' is disabled.
2021-11-20  1:17:18 0 [Note] InnoDB: Buffer pool(s) load completed at 211120  1:17:18
2021-11-20  1:17:18 0 [Note] Server socket created on IP: '::'.
2021-11-21 13:35:41 0 [Note] InnoDB: Mutexes and rw_locks use Windows interlocked functions
2021-11-21 13:35:41 0 [Note] InnoDB: Uses event mutexes
2021-11-21 13:35:41 0 [Note] InnoDB: Compressed tables use zlib 1.2.11
2021-11-21 13:35:41 0 [Note] InnoDB: Number of pools: 1
2021-11-21 13:35:41 0 [Note] InnoDB: Using SSE2 crc32 instructions
2021-11-21 13:35:41 0 [Note] InnoDB: Initializing buffer pool, total size = 16M, instances = 1, chunk size = 16M
2021-11-21 13:35:41 0 [Note] InnoDB: Completed initialization of buffer pool
2021-11-21 13:35:41 0 [Note] InnoDB: Starting crash recovery from checkpoint LSN=300378
2021-11-21 13:35:41 0 [Note] InnoDB: 128 out of 128 rollback segments are active.
2021-11-21 13:35:41 0 [Note] InnoDB: Removed temporary tablespace data file: "ibtmp1"
2021-11-21 13:35:41 0 [Note] InnoDB: Creating shared tablespace for temporary tables
2021-11-21 13:35:41 0 [Note] InnoDB: Setting file 'C:\xampp\mysql\data\ibtmp1' size to 12 MB. Physically writing the file full; Please wait ...
2021-11-21 13:35:41 0 [Note] InnoDB: File 'C:\xampp\mysql\data\ibtmp1' size is now 12 MB.
2021-11-21 13:35:41 0 [Note] InnoDB: Waiting for purge to start
2021-11-21 13:35:41 0 [Note] InnoDB: 10.4.21 started; log sequence number 300387; transaction id 170
2021-11-21 13:35:41 0 [Note] InnoDB: Loading buffer pool(s) from C:\xampp\mysql\data\ib_buffer_pool
2021-11-21 13:35:41 0 [Note] Plugin 'FEEDBACK' is disabled.
2021-11-21 13:35:41 0 [Note] InnoDB: Buffer pool(s) load completed at 211121 13:35:41
2021-11-21 13:35:41 0 [Note] Server socket created on IP: '::'.
2021-12-07 13:09:36 0 [Note] InnoDB: Mutexes and rw_locks use Windows interlocked functions
2021-12-07 13:09:36 0 [Note] InnoDB: Uses event mutexes
2021-12-07 13:09:36 0 [Note] InnoDB: Compressed tables use zlib 1.2.11
2021-12-07 13:09:36 0 [Note] InnoDB: Number of pools: 1
2021-12-07 13:09:36 0 [Note] InnoDB: Using SSE2 crc32 instructions
2021-12-07 13:09:36 0 [Note] InnoDB: Initializing buffer pool, total size = 16M, instances = 1, chunk size = 16M
2021-12-07 13:09:36 0 [Note] InnoDB: Completed initialization of buffer pool
2021-12-07 13:09:36 0 [Note] InnoDB: Starting crash recovery from checkpoint LSN=300396
2021-12-07 13:09:36 0 [Note] InnoDB: 128 out of 128 rollback segments are active.
2021-12-07 13:09:36 0 [Note] InnoDB: Removed temporary tablespace data file: "ibtmp1"
2021-12-07 13:09:36 0 [Note] InnoDB: Creating shared tablespace for temporary tables
2021-12-07 13:09:36 0 [Note] InnoDB: Setting file 'C:\xampp\mysql\data\ibtmp1' size to 12 MB. Physically writing the file full; Please wait ...
2021-12-07 13:09:36 0 [Note] InnoDB: File 'C:\xampp\mysql\data\ibtmp1' size is now 12 MB.
2021-12-07 13:09:36 0 [Note] InnoDB: Waiting for purge to start
2021-12-07 13:09:36 0 [Note] InnoDB: 10.4.21 started; log sequence number 300405; transaction id 170
2021-12-07 13:09:36 0 [Note] InnoDB: Loading buffer pool(s) from C:\xampp\mysql\data\ib_buffer_pool
2021-12-07 13:09:36 0 [Note] Plugin 'FEEDBACK' is disabled.
2021-12-07 13:09:36 0 [Note] InnoDB: Buffer pool(s) load completed at 211207 13:09:36
2021-12-07 13:09:36 0 [Note] Server socket created on IP: '::'.
2021-12-15 22:57:13 0 [Note] InnoDB: Mutexes and rw_locks use Windows interlocked functions
2021-12-15 22:57:13 0 [Note] InnoDB: Uses event mutexes
2021-12-15 22:57:13 0 [Note] InnoDB: Compressed tables use zlib 1.2.11
2021-12-15 22:57:13 0 [Note] InnoDB: Number of pools: 1
2021-12-15 22:57:13 0 [Note] InnoDB: Using SSE2 crc32 instructions
2021-12-15 22:57:13 0 [Note] InnoDB: Initializing buffer pool, total size = 16M, instances = 1, chunk size = 16M
2021-12-15 22:57:13 0 [Note] InnoDB: Completed initialization of buffer pool
2021-12-15 22:57:13 0 [Note] InnoDB: Starting crash recovery from checkpoint LSN=300414
2021-12-15 22:57:14 0 [Note] InnoDB: 128 out of 128 rollback segments are active.
2021-12-15 22:57:14 0 [Note] InnoDB: Removed temporary tablespace data file: "ibtmp1"
2021-12-15 22:57:14 0 [Note] InnoDB: Creating shared tablespace for temporary tables
2021-12-15 22:57:14 0 [Note] InnoDB: Setting file 'C:\xampp\mysql\data\ibtmp1' size to 12 MB. Physically writing the file full; Please wait ...
2021-12-15 22:57:14 0 [Note] InnoDB: File 'C:\xampp\mysql\data\ibtmp1' size is now 12 MB.
2021-12-15 22:57:14 0 [Note] InnoDB: Waiting for purge to start
2021-12-15 22:57:14 0 [Note] InnoDB: 10.4.21 started; log sequence number 300423; transaction id 170
2021-12-15 22:57:14 0 [Note] InnoDB: Loading buffer pool(s) from C:\xampp\mysql\data\ib_buffer_pool
2021-12-15 22:57:14 0 [Note] Plugin 'FEEDBACK' is disabled.
2021-12-15 22:57:14 0 [Note] InnoDB: Buffer pool(s) load completed at 211215 22:57:14
2021-12-15 22:57:14 0 [Note] Server socket created on IP: '::'.
